[27 Apr 2024 19:52:22] Building database metadata model
[27 Apr 2024 19:52:22] Properties: {partialRefresh=false, processColumnsUsingSelect=, includePrimaryKeys=true, eventSocketClient=com.webratio.commons.net.EventSocketClient@adf7236, includeTables=true, username=root, outputLogPath=F:\University\MSc\Y1\S2\Advanced SWE\Project\Exam\.Temp~\DB.xml.log, readIndexes=null, driverClass=com.mysql.jdbc.Driver, includeSynonyms=true, metaDataProviderClass=com.webratio.commons.db.metadata.MySQLMetaDataProvider, outputPath=F:\University\MSc\Y1\S2\Advanced SWE\Project\Exam\.Temp~\DB.xml, schemaRegex=null, readProcedures=null, includeViews=true, derby.system.home=F:\University\MSc\Y1\S2\Advanced SWE\Project\.metadata\.plugins\com.webratio.commons.db\derby, url=jdbc:mysql://localhost:3306/DB2, tableRegex=null, readSQLDefinitions=true, includeForeignKeys=false, retrieveAllNames=false, tablesToRefresh=, eventSocketPort=51432}
[27 Apr 2024 19:52:22] URL: jdbc:mysql://localhost:3306/DB2
[27 Apr 2024 19:52:22] Product name: MySQL
[27 Apr 2024 19:52:22] Product version: 5.7.7-rc-log
[27 Apr 2024 19:52:22] Driver name: MySQL Connector Java
[27 Apr 2024 19:52:22] Driver version: mysql-connector-java-5.1.38 ( Revision: fe541c166cec739c74cc727c5da96c1028b4834a )
[27 Apr 2024 19:52:22] Driver major version: 5
[27 Apr 2024 19:52:22] Driver minor version: 1
[27 Apr 2024 19:52:22] Identifier quote string: 1
[27 Apr 2024 19:52:22] Retrieving schemas
[27 Apr 2024 19:52:22] Retrieving [TABLE, VIEW, SYNONYM] for schema ''
[27 Apr 2024 19:52:22]   Found 'assignedexams' [type = TABLE]
[27 Apr 2024 19:52:22]   Found 'exam' [type = TABLE]
[27 Apr 2024 19:52:22]   Found 'grades' [type = TABLE]
[27 Apr 2024 19:52:22]   Found 'group' [type = TABLE]
[27 Apr 2024 19:52:22]   Found 'group_module' [type = TABLE]
[27 Apr 2024 19:52:22]   Found 'module' [type = TABLE]
[27 Apr 2024 19:52:22]   Found 'question' [type = TABLE]
[27 Apr 2024 19:52:22]   Found 'user' [type = TABLE]
[27 Apr 2024 19:52:22]   Found 'user_group' [type = TABLE]
[27 Apr 2024 19:52:22] Retrieving columns for 'assignedexams' [type = TABLE]
[27 Apr 2024 19:52:22]   Found column: oid [type = INT][SQL/XOPEN type = 4][size = 10][dec. digits = 0]
[27 Apr 2024 19:52:22]   Found column: user_oid [type = INT][SQL/XOPEN type = 4][size = 10][dec. digits = 0]
[27 Apr 2024 19:52:22]   Found column: exam_exam_code [type = INT][SQL/XOPEN type = 4][size = 10][dec. digits = 0]
[27 Apr 2024 19:52:22]   Found column: grades_oid [type = INT][SQL/XOPEN type = 4][size = 10][dec. digits = 0]
[27 Apr 2024 19:52:22] Retrieving primary keys for 'assignedexams' [type = TABLE]
[27 Apr 2024 19:52:22]   Found primary key column: oid
[27 Apr 2024 19:52:22] Retrieving columns for 'exam' [type = TABLE]
[27 Apr 2024 19:52:22]   Found column: exam_code [type = INT][SQL/XOPEN type = 4][size = 10][dec. digits = 0]
[27 Apr 2024 19:52:22]   Found column: name [type = VARCHAR][SQL/XOPEN type = 12][size = 255][dec. digits = 0]
[27 Apr 2024 19:52:22]   Found column: user_oid [type = INT][SQL/XOPEN type = 4][size = 10][dec. digits = 0]
[27 Apr 2024 19:52:22] Retrieving primary keys for 'exam' [type = TABLE]
[27 Apr 2024 19:52:22]   Found primary key column: exam_code
[27 Apr 2024 19:52:22] Retrieving columns for 'grades' [type = TABLE]
[27 Apr 2024 19:52:22]   Found column: oid [type = INT][SQL/XOPEN type = 4][size = 10][dec. digits = 0]
[27 Apr 2024 19:52:22]   Found column: grade [type = DOUBLE][SQL/XOPEN type = 8][size = 22][dec. digits = 0]
[27 Apr 2024 19:52:22] Retrieving primary keys for 'grades' [type = TABLE]
[27 Apr 2024 19:52:22]   Found primary key column: oid
[27 Apr 2024 19:52:22] Retrieving columns for 'group' [type = TABLE]
[27 Apr 2024 19:52:22]   Found column: oid [type = INT][SQL/XOPEN type = 4][size = 10][dec. digits = 0]
[27 Apr 2024 19:52:22]   Found column: groupname [type = VARCHAR][SQL/XOPEN type = 12][size = 255][dec. digits = 0]
[27 Apr 2024 19:52:22]   Found column: module_oid [type = INT][SQL/XOPEN type = 4][size = 10][dec. digits = 0]
[27 Apr 2024 19:52:22] Retrieving primary keys for 'group' [type = TABLE]
[27 Apr 2024 19:52:22]   Found primary key column: oid
[27 Apr 2024 19:52:22] Retrieving columns for 'group_module' [type = TABLE]
[27 Apr 2024 19:52:22]   Found column: group_oid [type = INT][SQL/XOPEN type = 4][size = 10][dec. digits = 0]
[27 Apr 2024 19:52:22]   Found column: module_oid [type = INT][SQL/XOPEN type = 4][size = 10][dec. digits = 0]
[27 Apr 2024 19:52:22] Retrieving primary keys for 'group_module' [type = TABLE]
[27 Apr 2024 19:52:22]   Found primary key column: group_oid
[27 Apr 2024 19:52:22]   Found primary key column: module_oid
[27 Apr 2024 19:52:22] Retrieving columns for 'module' [type = TABLE]
[27 Apr 2024 19:52:22]   Found column: oid [type = INT][SQL/XOPEN type = 4][size = 10][dec. digits = 0]
[27 Apr 2024 19:52:22]   Found column: moduleid [type = VARCHAR][SQL/XOPEN type = 12][size = 255][dec. digits = 0]
[27 Apr 2024 19:52:22]   Found column: modulename [type = VARCHAR][SQL/XOPEN type = 12][size = 255][dec. digits = 0]
[27 Apr 2024 19:52:22] Retrieving primary keys for 'module' [type = TABLE]
[27 Apr 2024 19:52:22]   Found primary key column: oid
[27 Apr 2024 19:52:22] Retrieving columns for 'question' [type = TABLE]
[27 Apr 2024 19:52:22]   Found column: question_code [type = INT][SQL/XOPEN type = 4][size = 10][dec. digits = 0]
[27 Apr 2024 19:52:22]   Found column: question [type = VARCHAR][SQL/XOPEN type = 12][size = 255][dec. digits = 0]
[27 Apr 2024 19:52:22]   Found column: option1 [type = VARCHAR][SQL/XOPEN type = 12][size = 255][dec. digits = 0]
[27 Apr 2024 19:52:22]   Found column: option2 [type = VARCHAR][SQL/XOPEN type = 12][size = 255][dec. digits = 0]
[27 Apr 2024 19:52:22]   Found column: option3 [type = VARCHAR][SQL/XOPEN type = 12][size = 255][dec. digits = 0]
[27 Apr 2024 19:52:22]   Found column: option4 [type = VARCHAR][SQL/XOPEN type = 12][size = 255][dec. digits = 0]
[27 Apr 2024 19:52:22]   Found column: answer [type = INT][SQL/XOPEN type = 4][size = 10][dec. digits = 0]
[27 Apr 2024 19:52:22]   Found column: exam_exam_code [type = INT][SQL/XOPEN type = 4][size = 10][dec. digits = 0]
[27 Apr 2024 19:52:22] Retrieving primary keys for 'question' [type = TABLE]
[27 Apr 2024 19:52:22]   Found primary key column: question_code
[27 Apr 2024 19:52:22] Retrieving columns for 'user' [type = TABLE]
[27 Apr 2024 19:52:22]   Found column: oid [type = INT][SQL/XOPEN type = 4][size = 10][dec. digits = 0]
[27 Apr 2024 19:52:22]   Found column: username [type = VARCHAR][SQL/XOPEN type = 12][size = 255][dec. digits = 0]
[27 Apr 2024 19:52:22]   Found column: password [type = VARCHAR][SQL/XOPEN type = 12][size = 255][dec. digits = 0]
[27 Apr 2024 19:52:22]   Found column: email [type = VARCHAR][SQL/XOPEN type = 12][size = 255][dec. digits = 0]
[27 Apr 2024 19:52:22]   Found column: firstname [type = VARCHAR][SQL/XOPEN type = 12][size = 255][dec. digits = 0]
[27 Apr 2024 19:52:22]   Found column: lastname [type = VARCHAR][SQL/XOPEN type = 12][size = 255][dec. digits = 0]
[27 Apr 2024 19:52:22]   Found column: group_oid [type = INT][SQL/XOPEN type = 4][size = 10][dec. digits = 0]
[27 Apr 2024 19:52:22] Retrieving primary keys for 'user' [type = TABLE]
[27 Apr 2024 19:52:22]   Found primary key column: oid
[27 Apr 2024 19:52:22] Retrieving columns for 'user_group' [type = TABLE]
[27 Apr 2024 19:52:22]   Found column: user_oid [type = INT][SQL/XOPEN type = 4][size = 10][dec. digits = 0]
[27 Apr 2024 19:52:22]   Found column: group_oid [type = INT][SQL/XOPEN type = 4][size = 10][dec. digits = 0]
[27 Apr 2024 19:52:22] Retrieving primary keys for 'user_group' [type = TABLE]
[27 Apr 2024 19:52:22]   Found primary key column: user_oid
[27 Apr 2024 19:52:22]   Found primary key column: group_oid
[27 Apr 2024 19:52:22] Database metadata retrieved (97 ms)
[27 Apr 2024 19:52:22] Retrieving auto-increment columns for 'assignedexams' [type = TABLE]
[27 Apr 2024 19:52:22] Retrieving auto-increment columns for 'exam' [type = TABLE]
[27 Apr 2024 19:52:22] Retrieving auto-increment columns for 'grades' [type = TABLE]
[27 Apr 2024 19:52:22] Retrieving auto-increment columns for 'group' [type = TABLE]
[27 Apr 2024 19:52:22] Retrieving auto-increment columns for 'group_module' [type = TABLE]
[27 Apr 2024 19:52:22] Retrieving auto-increment columns for 'module' [type = TABLE]
[27 Apr 2024 19:52:22] Retrieving auto-increment columns for 'question' [type = TABLE]
[27 Apr 2024 19:52:22] Retrieving auto-increment columns for 'user' [type = TABLE]
[27 Apr 2024 19:52:22] Retrieving auto-increment columns for 'user_group' [type = TABLE]
[27 Apr 2024 19:52:22] Database connection closed
