Buildfile: G:\WebRatio\WebRatio\plugins\com.webratio.generator.webapp_7.2.18.201903231300\DataModel\JavaCompile.xml

main:
    [javac] Compiling 15 source files to G:\WebRatio\Tomcat\webapps\Main\WEB-INF\classes
    [javac] ----------
    [javac] 1. ERROR in G:\WebRatio\Tomcat\webapps\Main\WEB-INF\classes\com\webratio\webapp\LectureTaken.java (at line 23)
    [javac] 	private com.webratio.webapp.LectureTaken_TotalQuestionsBean _totalQuestionsBean;
    [javac] 	        ^^^^^^^^^^^^^^^^^^^^^^^^^^^^^^^^^^^^^^^^^^^^^^^^^^^
    [javac] com.webratio.webapp.LectureTaken_TotalQuestionsBean cannot be resolved to a type
    [javac] ----------
    [javac] 2. ERROR in G:\WebRatio\Tomcat\webapps\Main\WEB-INF\classes\com\webratio\webapp\LectureTaken.java (at line 114)
    [javac] 	com.webratio.webapp.LectureTaken_TotalQuestionsBean __totalQuestions = this.getTotalQuestionsBean();
    [javac] 	^^^^^^^^^^^^^^^^^^^^^^^^^^^^^^^^^^^^^^^^^^^^^^^^^^^
    [javac] com.webratio.webapp.LectureTaken_TotalQuestionsBean cannot be resolved to a type
    [javac] ----------
    [javac] 3. ERROR in G:\WebRatio\Tomcat\webapps\Main\WEB-INF\classes\com\webratio\webapp\LectureTaken.java (at line 114)
    [javac] 	com.webratio.webapp.LectureTaken_TotalQuestionsBean __totalQuestions = this.getTotalQuestionsBean();
    [javac] 	                                                                            ^^^^^^^^^^^^^^^^^^^^^
    [javac] The method getTotalQuestionsBean() from the type LectureTaken refers to the missing type LectureTaken_TotalQuestionsBean
    [javac] ----------
    [javac] 4. ERROR in G:\WebRatio\Tomcat\webapps\Main\WEB-INF\classes\com\webratio\webapp\LectureTaken.java (at line 125)
    [javac] 	public com.webratio.webapp.LectureTaken_TotalQuestionsBean getTotalQuestionsBean() {
    [javac] 	       ^^^^^^^^^^^^^^^^^^^^^^^^^^^^^^^^^^^^^^^^^^^^^^^^^^^
    [javac] com.webratio.webapp.LectureTaken_TotalQuestionsBean cannot be resolved to a type
    [javac] ----------
    [javac] 5. ERROR in G:\WebRatio\Tomcat\webapps\Main\WEB-INF\classes\com\webratio\webapp\LectureTaken.java (at line 126)
    [javac] 	return _totalQuestionsBean;
    [javac] 	       ^^^^^^^^^^^^^^^^^^^
    [javac] LectureTaken_TotalQuestionsBean cannot be resolved to a type
    [javac] ----------
    [javac] 6. ERROR in G:\WebRatio\Tomcat\webapps\Main\WEB-INF\classes\com\webratio\webapp\LectureTaken.java (at line 129)
    [javac] 	public void setTotalQuestionsBean(com.webratio.webapp.LectureTaken_TotalQuestionsBean _totalQuestionsBean) {
    [javac] 	                                  ^^^^^^^^^^^^^^^^^^^^^^^^^^^^^^^^^^^^^^^^^^^^^^^^^^^
    [javac] com.webratio.webapp.LectureTaken_TotalQuestionsBean cannot be resolved to a type
    [javac] ----------
    [javac] 7. ERROR in G:\WebRatio\Tomcat\webapps\Main\WEB-INF\classes\com\webratio\webapp\LectureTaken.java (at line 130)
    [javac] 	this._totalQuestionsBean = _totalQuestionsBean;
    [javac] 	^^^^^^^^^^^^^^^^^^^^^^^^
    [javac] LectureTaken_TotalQuestionsBean cannot be resolved to a type
    [javac] ----------
    [javac] 7 problems (7 errors)
