[07 May 2024 17:06:06] Building database metadata model
[07 May 2024 17:06:06] Properties: {partialRefresh=false, processColumnsUsingSelect=, includePrimaryKeys=true, eventSocketClient=com.webratio.commons.net.EventSocketClient@76dff374, includeTables=true, username=root, outputLogPath=E:\University\Sapienza\Advanced SWE\WebRatio-Project\Main\.Temp~\DB.xml.log, readIndexes=null, driverClass=com.mysql.jdbc.Driver, includeSynonyms=true, metaDataProviderClass=com.webratio.commons.db.metadata.MySQLMetaDataProvider, outputPath=E:\University\Sapienza\Advanced SWE\WebRatio-Project\Main\.Temp~\DB.xml, schemaRegex=null, readProcedures=null, includeViews=true, derby.system.home=E:\University\Sapienza\Advanced SWE\WebRatio-Project\.metadata\.plugins\com.webratio.commons.db\derby, url=jdbc:mysql://localhost:3306/db2, tableRegex=null, readSQLDefinitions=true, includeForeignKeys=false, retrieveAllNames=false, tablesToRefresh=, eventSocketPort=27345}
[07 May 2024 17:06:06] URL: jdbc:mysql://localhost:3306/db2
[07 May 2024 17:06:06] Product name: MySQL
[07 May 2024 17:06:06] Product version: 5.7.9-log
[07 May 2024 17:06:06] Driver name: MySQL Connector Java
[07 May 2024 17:06:06] Driver version: mysql-connector-java-5.1.38 ( Revision: fe541c166cec739c74cc727c5da96c1028b4834a )
[07 May 2024 17:06:06] Driver major version: 5
[07 May 2024 17:06:06] Driver minor version: 1
[07 May 2024 17:06:06] Identifier quote string: 1
[07 May 2024 17:06:06] Retrieving schemas
[07 May 2024 17:06:06] Retrieving [TABLE, VIEW, SYNONYM] for schema ''
[07 May 2024 17:06:06]   Found 'course' [type = TABLE]
[07 May 2024 17:06:06]   Found 'enrolledcourse' [type = TABLE]
[07 May 2024 17:06:06]   Found 'group' [type = TABLE]
[07 May 2024 17:06:06]   Found 'group_module' [type = TABLE]
[07 May 2024 17:06:06]   Found 'lecture' [type = TABLE]
[07 May 2024 17:06:06]   Found 'module' [type = TABLE]
[07 May 2024 17:06:06]   Found 'question' [type = TABLE]
[07 May 2024 17:06:06]   Found 'questiontaken' [type = TABLE]
[07 May 2024 17:06:06]   Found 'questiontaken_2' [type = TABLE]
[07 May 2024 17:06:06]   Found 'user' [type = TABLE]
[07 May 2024 17:06:06]   Found 'user_group' [type = TABLE]
[07 May 2024 17:06:06]   Found 'enrolledcourse_grade_view' [type = VIEW]
[07 May 2024 17:06:06]   Found 'enrolledcourse_numcorrectanswe' [type = VIEW]
[07 May 2024 17:06:06]   Found 'enrolledcourse_numquestions_vi' [type = VIEW]
[07 May 2024 17:06:06] Retrieving columns for 'course' [type = TABLE]
[07 May 2024 17:06:06]   Found column: courseid [type = INT][SQL/XOPEN type = 4][size = 10][dec. digits = 0]
[07 May 2024 17:06:06]   Found column: name [type = VARCHAR][SQL/XOPEN type = 12][size = 255][dec. digits = 0]
[07 May 2024 17:06:06]   Found column: topic [type = VARCHAR][SQL/XOPEN type = 12][size = 255][dec. digits = 0]
[07 May 2024 17:06:06]   Found column: user_userid [type = INT][SQL/XOPEN type = 4][size = 10][dec. digits = 0]
[07 May 2024 17:06:06] Retrieving primary keys for 'course' [type = TABLE]
[07 May 2024 17:06:06]   Found primary key column: courseid
[07 May 2024 17:06:06] Retrieving columns for 'enrolledcourse' [type = TABLE]
[07 May 2024 17:06:06]   Found column: enrolledcourseid [type = INT][SQL/XOPEN type = 4][size = 10][dec. digits = 0]
[07 May 2024 17:06:06]   Found column: course_courseid [type = INT][SQL/XOPEN type = 4][size = 10][dec. digits = 0]
[07 May 2024 17:06:06]   Found column: user_userid [type = INT][SQL/XOPEN type = 4][size = 10][dec. digits = 0]
[07 May 2024 17:06:06] Retrieving primary keys for 'enrolledcourse' [type = TABLE]
[07 May 2024 17:06:06]   Found primary key column: enrolledcourseid
[07 May 2024 17:06:06] Retrieving columns for 'group' [type = TABLE]
[07 May 2024 17:06:06]   Found column: groupid [type = INT][SQL/XOPEN type = 4][size = 10][dec. digits = 0]
[07 May 2024 17:06:06]   Found column: groupname [type = VARCHAR][SQL/XOPEN type = 12][size = 255][dec. digits = 0]
[07 May 2024 17:06:06]   Found column: module_oid [type = INT][SQL/XOPEN type = 4][size = 10][dec. digits = 0]
[07 May 2024 17:06:06] Retrieving primary keys for 'group' [type = TABLE]
[07 May 2024 17:06:06]   Found primary key column: groupid
[07 May 2024 17:06:06] Retrieving columns for 'group_module' [type = TABLE]
[07 May 2024 17:06:06]   Found column: group_groupid [type = INT][SQL/XOPEN type = 4][size = 10][dec. digits = 0]
[07 May 2024 17:06:06]   Found column: module_oid [type = INT][SQL/XOPEN type = 4][size = 10][dec. digits = 0]
[07 May 2024 17:06:06] Retrieving primary keys for 'group_module' [type = TABLE]
[07 May 2024 17:06:06]   Found primary key column: group_groupid
[07 May 2024 17:06:06]   Found primary key column: module_oid
[07 May 2024 17:06:06] Retrieving columns for 'lecture' [type = TABLE]
[07 May 2024 17:06:06]   Found column: lectureid [type = INT][SQL/XOPEN type = 4][size = 10][dec. digits = 0]
[07 May 2024 17:06:06]   Found column: title [type = VARCHAR][SQL/XOPEN type = 12][size = 255][dec. digits = 0]
[07 May 2024 17:06:06]   Found column: content [type = VARCHAR][SQL/XOPEN type = 12][size = 255][dec. digits = 0]
[07 May 2024 17:06:06]   Found column: course_courseid [type = INT][SQL/XOPEN type = 4][size = 10][dec. digits = 0]
[07 May 2024 17:06:06] Retrieving primary keys for 'lecture' [type = TABLE]
[07 May 2024 17:06:06]   Found primary key column: lectureid
[07 May 2024 17:06:06] Retrieving columns for 'module' [type = TABLE]
[07 May 2024 17:06:06]   Found column: oid [type = INT][SQL/XOPEN type = 4][size = 10][dec. digits = 0]
[07 May 2024 17:06:06]   Found column: moduleid [type = VARCHAR][SQL/XOPEN type = 12][size = 255][dec. digits = 0]
[07 May 2024 17:06:06]   Found column: modulename [type = VARCHAR][SQL/XOPEN type = 12][size = 255][dec. digits = 0]
[07 May 2024 17:06:06] Retrieving primary keys for 'module' [type = TABLE]
[07 May 2024 17:06:06]   Found primary key column: oid
[07 May 2024 17:06:06] Retrieving columns for 'question' [type = TABLE]
[07 May 2024 17:06:06]   Found column: questionid [type = INT][SQL/XOPEN type = 4][size = 10][dec. digits = 0]
[07 May 2024 17:06:06]   Found column: question [type = VARCHAR][SQL/XOPEN type = 12][size = 255][dec. digits = 0]
[07 May 2024 17:06:06]   Found column: option1 [type = VARCHAR][SQL/XOPEN type = 12][size = 255][dec. digits = 0]
[07 May 2024 17:06:06]   Found column: option2 [type = VARCHAR][SQL/XOPEN type = 12][size = 255][dec. digits = 0]
[07 May 2024 17:06:06]   Found column: option3 [type = VARCHAR][SQL/XOPEN type = 12][size = 255][dec. digits = 0]
[07 May 2024 17:06:06]   Found column: option4 [type = VARCHAR][SQL/XOPEN type = 12][size = 255][dec. digits = 0]
[07 May 2024 17:06:06]   Found column: correctanswer [type = INT][SQL/XOPEN type = 4][size = 10][dec. digits = 0]
[07 May 2024 17:06:06]   Found column: lecture_lectureid [type = INT][SQL/XOPEN type = 4][size = 10][dec. digits = 0]
[07 May 2024 17:06:06] Retrieving primary keys for 'question' [type = TABLE]
[07 May 2024 17:06:06]   Found primary key column: questionid
[07 May 2024 17:06:06] Retrieving columns for 'questiontaken' [type = TABLE]
[07 May 2024 17:06:06]   Found column: oid [type = INT][SQL/XOPEN type = 4][size = 10][dec. digits = 0]
[07 May 2024 17:06:06]   Found column: iscorrect [type = INT][SQL/XOPEN type = 4][size = 10][dec. digits = 0]
[07 May 2024 17:06:06]   Found column: question_questionid [type = INT][SQL/XOPEN type = 4][size = 10][dec. digits = 0]
[07 May 2024 17:06:06]   Found column: enrolledcourse_enrolledcoursei [type = INT][SQL/XOPEN type = 4][size = 10][dec. digits = 0]
[07 May 2024 17:06:06] Retrieving primary keys for 'questiontaken' [type = TABLE]
[07 May 2024 17:06:06]   Found primary key column: oid
[07 May 2024 17:06:06] Retrieving columns for 'questiontaken_2' [type = TABLE]
[07 May 2024 17:06:06]   Found column: oid [type = INT][SQL/XOPEN type = 4][size = 10][dec. digits = 0]
[07 May 2024 17:06:06]   Found column: iscorrect [type = INT][SQL/XOPEN type = 4][size = 10][dec. digits = 0]
[07 May 2024 17:06:06]   Found column: question_questionid [type = INT][SQL/XOPEN type = 4][size = 10][dec. digits = 0]
[07 May 2024 17:06:06]   Found column: enrolledcourse_enrolledcoursei [type = INT][SQL/XOPEN type = 4][size = 10][dec. digits = 0]
[07 May 2024 17:06:06] Retrieving primary keys for 'questiontaken_2' [type = TABLE]
[07 May 2024 17:06:06]   Found primary key column: oid
[07 May 2024 17:06:06] Retrieving columns for 'user' [type = TABLE]
[07 May 2024 17:06:06]   Found column: userid [type = INT][SQL/XOPEN type = 4][size = 10][dec. digits = 0]
[07 May 2024 17:06:06]   Found column: username [type = VARCHAR][SQL/XOPEN type = 12][size = 255][dec. digits = 0]
[07 May 2024 17:06:06]   Found column: password [type = VARCHAR][SQL/XOPEN type = 12][size = 255][dec. digits = 0]
[07 May 2024 17:06:06]   Found column: email [type = VARCHAR][SQL/XOPEN type = 12][size = 255][dec. digits = 0]
[07 May 2024 17:06:06]   Found column: firstname [type = VARCHAR][SQL/XOPEN type = 12][size = 255][dec. digits = 0]
[07 May 2024 17:06:06]   Found column: lastname [type = VARCHAR][SQL/XOPEN type = 12][size = 255][dec. digits = 0]
[07 May 2024 17:06:06]   Found column: group_groupid [type = INT][SQL/XOPEN type = 4][size = 10][dec. digits = 0]
[07 May 2024 17:06:06] Retrieving primary keys for 'user' [type = TABLE]
[07 May 2024 17:06:06]   Found primary key column: userid
[07 May 2024 17:06:06] Retrieving columns for 'user_group' [type = TABLE]
[07 May 2024 17:06:06]   Found column: user_userid [type = INT][SQL/XOPEN type = 4][size = 10][dec. digits = 0]
[07 May 2024 17:06:06]   Found column: group_groupid [type = INT][SQL/XOPEN type = 4][size = 10][dec. digits = 0]
[07 May 2024 17:06:06] Retrieving primary keys for 'user_group' [type = TABLE]
[07 May 2024 17:06:06]   Found primary key column: user_userid
[07 May 2024 17:06:06]   Found primary key column: group_groupid
[07 May 2024 17:06:06] Retrieving columns for 'enrolledcourse_grade_view' [type = VIEW]
[07 May 2024 17:06:06]   Found column: enrolledcourseid [type = INT][SQL/XOPEN type = 4][size = 10][dec. digits = 0]
[07 May 2024 17:06:06]   Found column: der_attr [type = NUMERIC][SQL/XOPEN type = 2][size = 24][dec. digits = 4]
[07 May 2024 17:06:06] Retrieving primary keys for 'enrolledcourse_grade_view' [type = VIEW]
[07 May 2024 17:06:06] Retrieving columns for 'enrolledcourse_numcorrectanswe' [type = VIEW]
[07 May 2024 17:06:06]   Found column: enrolledcourseid [type = INT][SQL/XOPEN type = 4][size = 10][dec. digits = 0]
[07 May 2024 17:06:06]   Found column: der_attr [type = NUMERIC][SQL/XOPEN type = 2][size = 32][dec. digits = 0]
[07 May 2024 17:06:06] Retrieving primary keys for 'enrolledcourse_numcorrectanswe' [type = VIEW]
[07 May 2024 17:06:06] Retrieving columns for 'enrolledcourse_numquestions_vi' [type = VIEW]
[07 May 2024 17:06:06]   Found column: enrolledcourseid [type = INT][SQL/XOPEN type = 4][size = 10][dec. digits = 0]
[07 May 2024 17:06:06]   Found column: der_attr [type = NUMERIC][SQL/XOPEN type = 2][size = 19][dec. digits = 0]
[07 May 2024 17:06:06] Retrieving primary keys for 'enrolledcourse_numquestions_vi' [type = VIEW]
[07 May 2024 17:06:06] Database metadata retrieved (144 ms)
[07 May 2024 17:06:06] Retrieving auto-increment columns for 'course' [type = TABLE]
[07 May 2024 17:06:06] Retrieving auto-increment columns for 'enrolledcourse' [type = TABLE]
[07 May 2024 17:06:06] Retrieving auto-increment columns for 'group' [type = TABLE]
[07 May 2024 17:06:06] Retrieving auto-increment columns for 'group_module' [type = TABLE]
[07 May 2024 17:06:06] Retrieving auto-increment columns for 'lecture' [type = TABLE]
[07 May 2024 17:06:06] Retrieving auto-increment columns for 'module' [type = TABLE]
[07 May 2024 17:06:06] Retrieving auto-increment columns for 'question' [type = TABLE]
[07 May 2024 17:06:06] Retrieving auto-increment columns for 'questiontaken' [type = TABLE]
[07 May 2024 17:06:06] Retrieving auto-increment columns for 'questiontaken_2' [type = TABLE]
[07 May 2024 17:06:06] Retrieving auto-increment columns for 'user' [type = TABLE]
[07 May 2024 17:06:06] Retrieving auto-increment columns for 'user_group' [type = TABLE]
[07 May 2024 17:06:06] Retrieving auto-increment columns for 'enrolledcourse_grade_view' [type = VIEW]
[07 May 2024 17:06:06] Retrieving auto-increment columns for 'enrolledcourse_numcorrectanswe' [type = VIEW]
[07 May 2024 17:06:06] Retrieving auto-increment columns for 'enrolledcourse_numquestions_vi' [type = VIEW]
[07 May 2024 17:06:06] Database connection closed
