[01 May 2024 18:38:42] DEBUG Executing SQL script
[01 May 2024 18:38:42] INFO ================================================================================
[01 May 2024 18:38:42] INFO outputPath= 'F:\University\MSc\Y1\S2\Advanced SWE\Project\Main\.Temp~\UpdateSQL.xml'
[01 May 2024 18:38:42] INFO onError= 'stop'
[01 May 2024 18:38:42] INFO statementSeparator= ';'
[01 May 2024 18:38:42] INFO derby.system.home= 'F:\University\MSc\Y1\S2\Advanced SWE\Project\.metadata\.plugins\com.webratio.commons.db\derby'
[01 May 2024 18:38:42] INFO password= '585858'
[01 May 2024 18:38:42] INFO url= 'jdbc:mysql://localhost:3306/DB'
[01 May 2024 18:38:42] INFO username= 'root'
[01 May 2024 18:38:42] INFO autoCommit= 'false'
[01 May 2024 18:38:42] INFO outputLogPath= 'F:\University\MSc\Y1\S2\Advanced SWE\Project\Main\.Temp~\UpdateSQL.xml.log'
[01 May 2024 18:38:42] INFO driverClass= 'com.mysql.jdbc.Driver'
[01 May 2024 18:38:42] INFO encoding= ''
[01 May 2024 18:38:42] INFO eventSocketPort= '51319'
[01 May 2024 18:38:42] INFO sqlScript= 'F:\University\MSc\Y1\S2\Advanced SWE\Project\Main\.Temp~\UpdateSQL.sql'
[01 May 2024 18:38:42] INFO ================================================================================
[01 May 2024 18:38:42] INFO Connecting to the Database...
[01 May 2024 18:38:43] INFO Database connection estabilished
[01 May 2024 18:38:43] INFO transaction isolation: 4
[01 May 2024 18:38:43] DEBUG ================================================================================
[01 May 2024 18:38:43] DEBUG Executing SQL script file: F:\University\MSc\Y1\S2\Advanced SWE\Project\Main\.Temp~\UpdateSQL.sql
[01 May 2024 18:38:43] DEBUG Executing statement:  alter table `enrolledcourse`  add column  `enrolledcourseid_2`  integer  not null
[01 May 2024 18:38:43] DEBUG ================================================================================
[01 May 2024 18:38:43] DEBUG SQL SCRIPT SUCCESSFULLY EXECUTED
[01 May 2024 18:38:43] INFO Database connection closed
[01 May 2024 18:38:43] DEBUG Total time: 271 milliseconds
